0 info it worked if it ends with ok
1 verbose cli [ 'D:\\nodejs\\node.exe',
1 verbose cli   'D:\\nodejs\\node_modules\\npm\\bin\\npm-cli.js',
1 verbose cli   'install',
1 verbose cli   'angularjs',
1 verbose cli   'bootstrap',
1 verbose cli   'angular-ui-bootstrap--save' ]
2 info using npm@2.15.1
3 info using node@v4.4.3
4 verbose install initial load of C:\Users\Pawel\WebstormProjects\untitled1\package.json
5 verbose installManyTop reading scoped package data from C:\Users\Pawel\WebstormProjects\untitled1\node_modules\angular-ui-bootstrap\package.json
6 verbose installManyTop reading scoped package data from C:\Users\Pawel\WebstormProjects\untitled1\node_modules\angularjs\package.json
7 verbose installManyTop reading scoped package data from C:\Users\Pawel\WebstormProjects\untitled1\node_modules\bootstrap\package.json
8 verbose installManyTop reading scoped package data from C:\Users\Pawel\WebstormProjects\untitled1\node_modules\bower\package.json
9 verbose installManyTop reading scoped package data from C:\Users\Pawel\WebstormProjects\untitled1\node_modules\http-server\package.json
10 verbose installManyTop reading scoped package data from C:\Users\Pawel\WebstormProjects\untitled1\node_modules\jasmine-core\package.json
11 verbose installManyTop reading scoped package data from C:\Users\Pawel\WebstormProjects\untitled1\node_modules\karma\package.json
12 verbose installManyTop reading scoped package data from C:\Users\Pawel\WebstormProjects\untitled1\node_modules\karma-chrome-launcher\package.json
13 verbose installManyTop reading scoped package data from C:\Users\Pawel\WebstormProjects\untitled1\node_modules\karma-firefox-launcher\package.json
14 verbose installManyTop reading scoped package data from C:\Users\Pawel\WebstormProjects\untitled1\node_modules\karma-jasmine\package.json
15 verbose installManyTop reading scoped package data from C:\Users\Pawel\WebstormProjects\untitled1\node_modules\karma-junit-reporter\package.json
16 verbose installManyTop reading scoped package data from C:\Users\Pawel\WebstormProjects\untitled1\node_modules\protractor\package.json
17 verbose installManyTop reading scoped package data from C:\Users\Pawel\WebstormProjects\untitled1\node_modules\shelljs\package.json
18 info package.json http-server@0.6.1 No license field.
19 info package.json shelljs@0.2.6 No license field.
20 verbose readDependencies loading dependencies from C:\Users\Pawel\WebstormProjects\untitled1\package.json
21 verbose install angularjs is installed as 0.0.1
22 silly cache add args [ 'angularjs', null ]
23 verbose cache add spec angularjs
24 verbose install bootstrap is installed as 3.3.6
25 silly cache add args [ 'bootstrap', null ]
26 verbose cache add spec bootstrap
27 silly cache add args [ 'angular-ui-bootstrap--save', null ]
28 verbose cache add spec angular-ui-bootstrap--save
29 silly cache add parsed spec Result {
29 silly cache add   raw: 'angularjs',
29 silly cache add   scope: null,
29 silly cache add   name: 'angularjs',
29 silly cache add   rawSpec: '',
29 silly cache add   spec: 'latest',
29 silly cache add   type: 'tag' }
30 silly addNamed angularjs@latest
31 verbose addNamed "latest" is being treated as a dist-tag for angularjs
32 info addNameTag [ 'angularjs', 'latest' ]
33 silly mapToRegistry name angularjs
34 silly mapToRegistry using default registry
35 silly mapToRegistry registry https://registry.npmjs.org/
36 silly mapToRegistry data Result {
36 silly mapToRegistry   raw: 'angularjs',
36 silly mapToRegistry   scope: null,
36 silly mapToRegistry   name: 'angularjs',
36 silly mapToRegistry   rawSpec: '',
36 silly mapToRegistry   spec: 'latest',
36 silly mapToRegistry   type: 'tag' }
37 silly mapToRegistry uri https://registry.npmjs.org/angularjs
38 verbose addNameTag registry:https://registry.npmjs.org/angularjs not in flight; fetching
39 silly cache add parsed spec Result {
39 silly cache add   raw: 'bootstrap',
39 silly cache add   scope: null,
39 silly cache add   name: 'bootstrap',
39 silly cache add   rawSpec: '',
39 silly cache add   spec: 'latest',
39 silly cache add   type: 'tag' }
40 silly addNamed bootstrap@latest
41 verbose addNamed "latest" is being treated as a dist-tag for bootstrap
42 info addNameTag [ 'bootstrap', 'latest' ]
43 silly mapToRegistry name bootstrap
44 silly mapToRegistry using default registry
45 silly mapToRegistry registry https://registry.npmjs.org/
46 silly mapToRegistry data Result {
46 silly mapToRegistry   raw: 'bootstrap',
46 silly mapToRegistry   scope: null,
46 silly mapToRegistry   name: 'bootstrap',
46 silly mapToRegistry   rawSpec: '',
46 silly mapToRegistry   spec: 'latest',
46 silly mapToRegistry   type: 'tag' }
47 silly mapToRegistry uri https://registry.npmjs.org/bootstrap
48 verbose addNameTag registry:https://registry.npmjs.org/bootstrap not in flight; fetching
49 silly cache add parsed spec Result {
49 silly cache add   raw: 'angular-ui-bootstrap--save',
49 silly cache add   scope: null,
49 silly cache add   name: 'angular-ui-bootstrap--save',
49 silly cache add   rawSpec: '',
49 silly cache add   spec: 'latest',
49 silly cache add   type: 'tag' }
50 silly addNamed angular-ui-bootstrap--save@latest
51 verbose addNamed "latest" is being treated as a dist-tag for angular-ui-bootstrap--save
52 info addNameTag [ 'angular-ui-bootstrap--save', 'latest' ]
53 silly mapToRegistry name angular-ui-bootstrap--save
54 silly mapToRegistry using default registry
55 silly mapToRegistry registry https://registry.npmjs.org/
56 silly mapToRegistry data Result {
56 silly mapToRegistry   raw: 'angular-ui-bootstrap--save',
56 silly mapToRegistry   scope: null,
56 silly mapToRegistry   name: 'angular-ui-bootstrap--save',
56 silly mapToRegistry   rawSpec: '',
56 silly mapToRegistry   spec: 'latest',
56 silly mapToRegistry   type: 'tag' }
57 silly mapToRegistry uri https://registry.npmjs.org/angular-ui-bootstrap--save
58 verbose addNameTag registry:https://registry.npmjs.org/angular-ui-bootstrap--save not in flight; fetching
59 verbose request uri https://registry.npmjs.org/angular-ui-bootstrap--save
60 verbose request no auth needed
61 info attempt registry request try #1 at 20:40:54
62 verbose request id b72bf833b8b04b8e
63 http request GET https://registry.npmjs.org/angular-ui-bootstrap--save
64 verbose request uri https://registry.npmjs.org/angularjs
65 verbose request no auth needed
66 info attempt registry request try #1 at 20:40:54
67 verbose etag "DA6I6I6ODII1GLDRMQ0ARHNLK"
68 http request GET https://registry.npmjs.org/angularjs
69 verbose request uri https://registry.npmjs.org/bootstrap
70 verbose request no auth needed
71 info attempt registry request try #1 at 20:40:54
72 verbose etag "3Y2SPEXV6G5S167KIT601THBY"
73 http request GET https://registry.npmjs.org/bootstrap
74 http 304 https://registry.npmjs.org/angularjs
75 verbose headers { date: 'Tue, 19 Apr 2016 18:40:55 GMT',
75 verbose headers   via: '1.1 varnish',
75 verbose headers   'cache-control': 'max-age=300',
75 verbose headers   etag: '"DA6I6I6ODII1GLDRMQ0ARHNLK"',
75 verbose headers   age: '41',
75 verbose headers   connection: 'keep-alive',
75 verbose headers   'x-served-by': 'cache-fra1243-FRA',
75 verbose headers   'x-cache': 'HIT',
75 verbose headers   'x-cache-hits': '1',
75 verbose headers   'x-timer': 'S1461091255.087800,VS0,VE0',
75 verbose headers   vary: 'Accept-Encoding' }
76 silly get cb [ 304,
76 silly get   { date: 'Tue, 19 Apr 2016 18:40:55 GMT',
76 silly get     via: '1.1 varnish',
76 silly get     'cache-control': 'max-age=300',
76 silly get     etag: '"DA6I6I6ODII1GLDRMQ0ARHNLK"',
76 silly get     age: '41',
76 silly get     connection: 'keep-alive',
76 silly get     'x-served-by': 'cache-fra1243-FRA',
76 silly get     'x-cache': 'HIT',
76 silly get     'x-cache-hits': '1',
76 silly get     'x-timer': 'S1461091255.087800,VS0,VE0',
76 silly get     vary: 'Accept-Encoding' } ]
77 verbose etag https://registry.npmjs.org/angularjs from cache
78 verbose get saving angularjs to C:\Users\Pawel\AppData\Roaming\npm-cache\registry.npmjs.org\angularjs\.cache.json
79 verbose correctMkdir C:\Users\Pawel\AppData\Roaming\npm-cache correctMkdir not in flight; initializing
80 silly addNameTag next cb for angularjs with tag latest
81 silly addNamed angularjs@0.0.1
82 verbose addNamed "0.0.1" is a plain semver version for angularjs
83 http 304 https://registry.npmjs.org/bootstrap
84 verbose headers { date: 'Tue, 19 Apr 2016 18:40:55 GMT',
84 verbose headers   via: '1.1 varnish',
84 verbose headers   'cache-control': 'max-age=300',
84 verbose headers   etag: '"3Y2SPEXV6G5S167KIT601THBY"',
84 verbose headers   age: '265',
84 verbose headers   connection: 'keep-alive',
84 verbose headers   'x-served-by': 'cache-fra1223-FRA',
84 verbose headers   'x-cache': 'HIT',
84 verbose headers   'x-cache-hits': '1',
84 verbose headers   'x-timer': 'S1461091255.097387,VS0,VE0',
84 verbose headers   vary: 'Accept-Encoding' }
85 silly get cb [ 304,
85 silly get   { date: 'Tue, 19 Apr 2016 18:40:55 GMT',
85 silly get     via: '1.1 varnish',
85 silly get     'cache-control': 'max-age=300',
85 silly get     etag: '"3Y2SPEXV6G5S167KIT601THBY"',
85 silly get     age: '265',
85 silly get     connection: 'keep-alive',
85 silly get     'x-served-by': 'cache-fra1223-FRA',
85 silly get     'x-cache': 'HIT',
85 silly get     'x-cache-hits': '1',
85 silly get     'x-timer': 'S1461091255.097387,VS0,VE0',
85 silly get     vary: 'Accept-Encoding' } ]
86 verbose etag https://registry.npmjs.org/bootstrap from cache
87 verbose get saving bootstrap to C:\Users\Pawel\AppData\Roaming\npm-cache\registry.npmjs.org\bootstrap\.cache.json
88 verbose correctMkdir C:\Users\Pawel\AppData\Roaming\npm-cache correctMkdir not in flight; initializing
89 silly cache afterAdd angularjs@0.0.1
90 verbose afterAdd C:\Users\Pawel\AppData\Roaming\npm-cache\angularjs\0.0.1\package\package.json not in flight; writing
91 verbose correctMkdir C:\Users\Pawel\AppData\Roaming\npm-cache correctMkdir not in flight; initializing
92 verbose afterAdd C:\Users\Pawel\AppData\Roaming\npm-cache\angularjs\0.0.1\package\package.json written
93 silly addNameTag next cb for bootstrap with tag latest
94 silly addNamed bootstrap@3.3.6
95 verbose addNamed "3.3.6" is a plain semver version for bootstrap
96 silly cache afterAdd bootstrap@3.3.6
97 verbose afterAdd C:\Users\Pawel\AppData\Roaming\npm-cache\bootstrap\3.3.6\package\package.json not in flight; writing
98 verbose correctMkdir C:\Users\Pawel\AppData\Roaming\npm-cache correctMkdir not in flight; initializing
99 verbose afterAdd C:\Users\Pawel\AppData\Roaming\npm-cache\bootstrap\3.3.6\package\package.json written
100 http 404 https://registry.npmjs.org/angular-ui-bootstrap--save
101 verbose headers { 'content-type': 'application/json',
101 verbose headers   'cache-control': 'max-age=0',
101 verbose headers   'content-length': '2',
101 verbose headers   'accept-ranges': 'bytes',
101 verbose headers   date: 'Tue, 19 Apr 2016 18:40:55 GMT',
101 verbose headers   via: '1.1 varnish',
101 verbose headers   age: '0',
101 verbose headers   connection: 'keep-alive',
101 verbose headers   'x-served-by': 'cache-fra1226-FRA',
101 verbose headers   'x-cache': 'MISS',
101 verbose headers   'x-cache-hits': '0',
101 verbose headers   'x-timer': 'S1461091255.089867,VS0,VE106',
101 verbose headers   vary: 'Accept-Encoding' }
102 silly get cb [ 404,
102 silly get   { 'content-type': 'application/json',
102 silly get     'cache-control': 'max-age=0',
102 silly get     'content-length': '2',
102 silly get     'accept-ranges': 'bytes',
102 silly get     date: 'Tue, 19 Apr 2016 18:40:55 GMT',
102 silly get     via: '1.1 varnish',
102 silly get     age: '0',
102 silly get     connection: 'keep-alive',
102 silly get     'x-served-by': 'cache-fra1226-FRA',
102 silly get     'x-cache': 'MISS',
102 silly get     'x-cache-hits': '0',
102 silly get     'x-timer': 'S1461091255.089867,VS0,VE106',
102 silly get     vary: 'Accept-Encoding' } ]
103 verbose stack Error: Registry returned 404 for GET on https://registry.npmjs.org/angular-ui-bootstrap--save
103 verbose stack     at makeError (D:\nodejs\node_modules\npm\node_modules\npm-registry-client\lib\request.js:264:12)
103 verbose stack     at CachingRegistryClient.<anonymous> (D:\nodejs\node_modules\npm\node_modules\npm-registry-client\lib\request.js:242:14)
103 verbose stack     at Request._callback (D:\nodejs\node_modules\npm\node_modules\npm-registry-client\lib\request.js:172:14)
103 verbose stack     at Request.self.callback (D:\nodejs\node_modules\npm\node_modules\request\request.js:199:22)
103 verbose stack     at emitTwo (events.js:87:13)
103 verbose stack     at Request.emit (events.js:172:7)
103 verbose stack     at Request.<anonymous> (D:\nodejs\node_modules\npm\node_modules\request\request.js:1036:10)
103 verbose stack     at emitOne (events.js:82:20)
103 verbose stack     at Request.emit (events.js:169:7)
103 verbose stack     at IncomingMessage.<anonymous> (D:\nodejs\node_modules\npm\node_modules\request\request.js:963:12)
104 verbose statusCode 404
105 verbose pkgid angular-ui-bootstrap--save
106 verbose cwd C:\Users\Pawel\WebstormProjects\untitled1
107 error Windows_NT 6.3.9600
108 error argv "D:\\nodejs\\node.exe" "D:\\nodejs\\node_modules\\npm\\bin\\npm-cli.js" "install" "angularjs" "bootstrap" "angular-ui-bootstrap--save"
109 error node v4.4.3
110 error npm  v2.15.1
111 error code E404
112 error 404 Registry returned 404 for GET on https://registry.npmjs.org/angular-ui-bootstrap--save
112 error 404
112 error 404 'angular-ui-bootstrap--save' is not in the npm registry.
112 error 404 You should bug the author to publish it (or use the name yourself!)
112 error 404 It was specified as a dependency of 'angular-seed'
112 error 404
112 error 404 Note that you can also install from a
112 error 404 tarball, folder, http url, or git url.
113 verbose exit [ 1, true ]
